<?xml version="1.0" encoding="UTF-8"?>
<!-- Generated by org.testng.reporters.JUnitReportReporter -->
<testsuite ignored="0" hostname="INPF185C5H" failures="0" tests="2" name="qaacademy.SeleniumTest" time="0.002" errors="0" timestamp="28 Dec 2019 09:11:08 GMT" skipped="0">
  <testcase classname="qaacademy.SeleniumTest" name="Automation" time="0.002"/>
  <testcase classname="qaacademy.SeleniumTest" name="FirstTry" time="0.000"/>
</testsuite> <!-- qaacademy.SeleniumTest -->
