<?xml version="1.0" encoding="UTF-8"?>
<!-- Generated by org.testng.reporters.JUnitReportReporter -->
<testsuite ignored="0" hostname="INPF185C5H" failures="0" tests="2" name="qaacademy.RESTAPITest" time="0.003" errors="0" timestamp="28 Dec 2019 09:11:08 GMT" skipped="0">
  <testcase classname="qaacademy.RESTAPITest" name="ApiAutomation" time="0.001"/>
  <testcase classname="qaacademy.RESTAPITest" name="NormalElement" time="0.002"/>
</testsuite> <!-- qaacademy.RESTAPITest -->
